<?xml version="1.0" encoding="UTF-8"?>
<testng-results skipped="0" failed="0" total="1" passed="1">
  <reporter-output>
  </reporter-output>
  <suite name="Suite" duration-ms="12187" started-at="2019-04-13T05:43:54Z" finished-at="2019-04-13T05:44:06Z">
    <groups>
    </groups>
    <test name="Test" duration-ms="12187" started-at="2019-04-13T05:43:54Z" finished-at="2019-04-13T05:44:06Z">
      <class name="launchURL.InvokeApp">
        <test-method status="PASS" signature="TestJenkins()[pri:0, instance:launchURL.InvokeApp@61baa894]" name="TestJenkins" duration-ms="12147" started-at="2019-04-13T11:13:54Z" finished-at="2019-04-13T11:14:06Z">
          <reporter-output>
          </reporter-output>
        </test-method> <!-- TestJenkins -->
      </class> <!-- launchURL.InvokeApp -->
    </test> <!-- Test -->
  </suite> <!-- Suite -->
</testng-results>
